2016/11/28 03:47:20 GET /dex/.well-known/openid-configuration HTTP/1.1
Host: dex.local.io:5554

2016/11/28 03:47:20 HTTP/1.1 200 OK
Content-Length: 709
Content-Type: application/json
Date: Mon, 28 Nov 2016 11:47:20 GMT

{
  "issuer": "https://dex.local.io:5554/dex",
  "authorization_endpoint": "https://dex.local.io:5554/dex/auth",
  "token_endpoint": "https://dex.local.io:5554/dex/token",
  "jwks_uri": "https://dex.local.io:5554/dex/keys",
  "response_types_supported": [
    "code"
  ],
  "subject_types_supported": [
    "public"
  ],
  "id_token_signing_alg_values_supported": [
    "RS256"
  ],
  "scopes_supported": [
    "openid",
    "email",
    "groups",
    "profile",
    "offline_access"
  ],
  "token_endpoint_auth_methods_supported": [
    "client_secret_basic"
  ],
  "claims_supported": [
    "aud",
    "email",
    "email_verified",
    "exp",
    "iat",
    "iss",
    "locale",
    "name",
    "sub"
  ]
}
2016/11/28 03:47:20 listening on http://localhost:5555
Error: listen tcp 127.0.0.1:5555: bind: address already in use
Usage:
  example-app [flags]

Flags:
      --client-id string        OAuth2 client ID of this application. (default "example-app")
      --client-secret string    OAuth2 client secret of this application. (default "ZXhhbXBsZS1hcHAtc2VjcmV0")
      --debug                   Print all request and responses from the OpenID Connect issuer.
      --issuer string           URL of the OpenID Connect issuer. (default "http://127.0.0.1:5556/dex")
      --issuer-root-ca string   Root certificate authorities for the issuer. Defaults to host certs.
      --listen string           HTTP(S) address to listen at. (default "http://127.0.0.1:5555")
      --redirect-uri string     Callback URL for OAuth2 responses. (default "http://127.0.0.1:5555/callback")
      --tls-cert string         X509 cert file to present when serving HTTPS.
      --tls-key string          Private key for the HTTPS cert.

error: listen tcp 127.0.0.1:5555: bind: address already in use
